Build started 2017-05-22 21:45:27.
     1>Project "C:\Users\Domino\Desktop\Projekt\projekt\projekt\projekt.vcxproj" on node 2 (Build target(s)).
     1>ClCompile:
         E:\Visual Studio\VC\bin\CL.exe /c /Zi /nologo /W3 /WX- /O2 /Oi /Oy- /GL /D WIN32 /D NDEBUG /D _CONSOLE /D _UNICODE /D UNICODE /Gm- /EHsc /MT /GS /Gy /fp:precise /Zc:wchar_t /Zc:forScope /Zc:inline /Fo"Release\\" /Fd"Release\vc140.pdb" /Gd /TP /analyze- /errorReport:prompt Graph.cpp
         Graph.cpp
     1>Graph.cpp(116): warning C4244: '=': conversion from 'float' to 'int', possible loss of data
     1>Graph.cpp(174): warning C4244: '=': conversion from 'float' to 'int', possible loss of data
     1>Graph.cpp(175): warning C4244: '=': conversion from 'float' to 'int', possible loss of data
     1>Graph.cpp(179): warning C4244: 'argument': conversion from 'float' to 'Uint8', possible loss of data
     1>Graph.cpp(185): warning C4244: '=': conversion from 'float' to 'int', possible loss of data
     1>Graph.cpp(186): warning C4244: '=': conversion from 'float' to 'int', possible loss of data
     1>Graph.cpp(190): warning C4244: 'argument': conversion from 'float' to 'Uint8', possible loss of data
       Link:
         E:\Visual Studio\VC\bin\link.exe /ERRORREPORT:PROMPT /OUT:"C:\Users\Domino\Desktop\Projekt\projekt\Release\projekt.exe" /INCREMENTAL:NO /NOLOGO /MANIFEST /MANIFESTUAC:"level='asInvoker' uiAccess='false'" /manifest:embed /Debug /PDB:"C:\Users\Domino\Desktop\Projekt\projekt\Release\projekt.pdb" /SUBSYSTEM:CONSOLE /OPT:REF /OPT:ICF /LTCG:incremental /TLBID:1 /DYNAMICBASE /NXCOMPAT /IMPLIB:"C:\Users\Domino\Desktop\Projekt\projekt\Release\projekt.lib" /MACHINE:X86 /SAFESEH Release\Application.obj
         Release\core.obj
         Release\Event.obj
         Release\Game.obj
         Release\Graph.obj
         Release\Hammer.obj
         Release\Hamster.obj
         Release\Intro.obj
         Release\main.obj
         Release\Menu.obj
         Release\Particle.obj
         Release\Sound.obj
         Release\Timer.obj
         Generating code
         3 of 333 functions ( 0.9%) were compiled, the rest were copied from previous compilation.
           0 functions were new in current compilation
           0 functions had inline decision re-evaluated but remain unchanged
         Finished generating code
         projekt.vcxproj -> C:\Users\Domino\Desktop\Projekt\projekt\Release\projekt.exe
     1>Done Building Project "C:\Users\Domino\Desktop\Projekt\projekt\projekt\projekt.vcxproj" (Build target(s)).

Build succeeded.

Time Elapsed 00:00:01.42
